<?xml version="1.0" encoding="UTF-8"?>
<testsuite xmlns:xsi="http://www.w3.org/2001/XMLSchema-instance" xsi:noNamespaceSchemaLocation="https://maven.apache.org/surefire/maven-surefire-plugin/xsd/surefire-test-report.xsd" name="ua.lviv.iot.lab2.manager.ManagerTest" time="0.027" tests="6" errors="0" skipped="0" failures="0">
  <properties>
[...]
</properties>
  <testcase name="testSortArrByQuantityInKgReflected" classname="ua.lviv.iot.lab2.manager.ManagerTest" time="0.014"/>
  <testcase name="testPrintToDoList" classname="ua.lviv.iot.lab2.manager.ManagerTest" time="0.001"/>
  <testcase name="testSortArrayByQuantityInKg" classname="ua.lviv.iot.lab2.manager.ManagerTest" time="0.001"/>
  <testcase name="testCreateRenovationPlan" classname="ua.lviv.iot.lab2.manager.ManagerTest" time="0.001"/>
  <testcase name="testSortArrayByPricePerKiloReflected" classname="ua.lviv.iot.lab2.manager.ManagerTest" time="0.001"/>
  <testcase name="testSortArrayByPricePerKilo" classname="ua.lviv.iot.lab2.manager.ManagerTest" time="0"/>
</testsuite>